1  docker stop centos7
    2  docker start centos7
    3  ls -a
    4  ls -l
    5  ls -la
    6  ls /
    7  ls /usr
    8  ls /dev
    9  pwd
   10  cd /root
   11  pwd
   12  cd -
   13  pwd
   14  cd /root
   15  cd ..
   16  pwd
   17  cd /root
   18  pwd
   19  cd usr
   20  cd /usr
   21  pwd
   22  cd bin
   23  pwd
   24  cd /root
   25  pwd
   26  cd /home
   27  mkdir test1
   28  ls -a
   29  ls
   30  mkdir test2/test3
   31  mkdir -p test2/test3
   32  ls
   33  ls test2
   34  touch test1/index.php
   35  ls test1
   36  cd /home/test1 && ls
   37  cd /home/test4 && ls
   38  pwd
   39  cp index.php copy.php
   40  ls
   41  cd /home
   42  cp -r test1 test4
   43  ls
   44  ls test4
   45  cp test1 test01
   46  mv test3 test3
   47  mv test2/test3 test3
   48  ls
   49  mv test4 test1_copy
   50  ls
   51  mv test3 test1_copy
   52  ls
   53  ls test1_copy
   54  mv test1_copy/test3 test3
   55  ls
   56  rm test1/copy.php
   57  ls test1
   58  rm -r test3
   59  ls
   60  ls test?
   61  ls test*
   62  ls *
   63  ls test1?
   64  rm test1_copy/*.php
   65  ls test1_copy
   66  ls *
   67  cat README.md
   68  cd /
   69  cat README.md
   70  cd /home
   71  echo '# Hello World' > README.md
   72  ls
   73  cat README.md
   74  echo '# Server Lesson' > README.md
   75  cat README.md
   76  echo 'Linux Practice' >> README.md
   77  echo '-----------------' >> README.md
   78  cat README.md
   79  echo '-----------------' >> RE.md
   80  cat RE.md
   81  rm RE.md
   82   vi README.md
   83  cat README.md
   84   vi README.md
   85  cat README.md
   86  cd /root
   87  mkdir server_lesson && cd server_lesson
   88  ls
   89  ls /
   90  yum update -y && yum -y install git
   91  git version]
   92  git version
   93  git init
   94  touch first.txt
   95  ls
   96  mkdir linux_practice1
   97  ls
   98  cd linux_practice1 && mkdir public && touch index.php
   99  ls
  100  ls *
  101  cd /server_lesson
  102  cd server_lesson
  103  ped
  104  pwd
  105  cd /root/server_lesson
  106  ls *
  107  cd linux_practice1
  108  rm index.php
  109  cd public && touch index.php
  110  ls
  111  cp index.php index_bk.php
  112  ls
  113  cd /root/server_lesson
  114  ls *
  115  cd linux_practice1
  116  cp -r public tmp
  117  ls
  118  ls *
  119  rm tmp/index_bk.php
  120  ls *
  121  cd /root/server_lesson
  122  mkdir README.md && vi README.md
  123  ls
  124  rm -r README.md
  125  ls
  126  touch README.md && vi README.md
  127  cat README.md
  128  vi README.md
  129  cat README.md
  130  mkdir -p linux_practice2/ documents
  131  ls
  132  cd documents
  133  cd /root/server_lesson
  134  git add .
  135  git add -n
  136  git status
  137  git commit -m 'first commit'
  138  git config --global user.email "you@example.com"
  139  git config --global user.email ""
  140  git config --global user.name ""
  141  git commit -m 'first commit'
  142  git status
  143  git log
  144  q
  145  ls
  146  cd documents && touch gizumo{01..50}.md
  147  ls
  148  cd /server_lesson
  149  cd /root/server_lesson
  150  ls
  151  mv documents linux_practice2
  152  ls
  153  ls linux_practice2
  154  ls linux_practice2/documents
  155  ls
  156  mkdir linux_practice2/trash && cp linux_practice2/documents linux_practice2/trash
  157  ls *
  158  cd linux_practice2
  159  ls *
  160  mv documents/gizumo{20..40}.md trash
  161  ls *
  162  git add .
  163  git status
  164  git commit -m 'practice2_2'
  165  git status
  166  git log
  167  touch .gitignore
  168  ls
  169  ls *
  170  vi .gitignore
  171  git rm --cached trash/gizumo{20..40}.md
  172  ls *
  173  git stutas
  174  git --help
  175  git status
  176  vi .gitignore
  177  git checkout trash/gizumo{20..29}.md
  178  git reset HEAD trash/gizumo{20..29}.md
  179  git status
  180  git reset HEAD trash/gizumo{30..40}.md
  181  git status
  182  git rm --cached trash/gizumo{20..29}.md
  183  vi .gitignore
  184  cat .gitignore
  185  history 300
  186  touch exec_command.log
  187  vi exec_command.log
  188  git add
  189  cd /root/server_lesson
  190  git add .
  191  git status
  192  git log
  193  git status
  194  git reset HEAD linux_practice2/.gitignore
  195  git reset HEAD linux_practice2/exec_command.log
  196  git status
  197  vim .gitignore
  198  vi .gitignore
  199  cat .gitignore
  200  vi .gitignore
  201  ls *
  202  cd linux_practice2
  203  touch .gitignore
  204  ls *
  205  vi .gitignore
  206  vi .gitignore
  207  cat .gitignore
  208  git status
  209  history 300

